{"/Users/menachi/Documents/web_class/2025/app_a/server.js": {"path":"/Users/menachi/Documents/web_class/2025/app_a/server.js","statementMap":{"0":{"start":{"line":1,"column":16},"end":{"line":1,"column":34}},"1":{"start":{"line":2,"column":12},"end":{"line":2,"column":21}},"2":{"start":{"line":3,"column":15},"end":{"line":3,"column":41}},"3":{"start":{"line":4,"column":17},"end":{"line":4,"column":36}},"4":{"start":{"line":5,"column":19},"end":{"line":5,"column":41}},"5":{"start":{"line":6,"column":21},"end":{"line":6,"column":53}},"6":{"start":{"line":8,"column":16},"end":{"line":27,"column":1}},"7":{"start":{"line":9,"column":2},"end":{"line":26,"column":5}},"8":{"start":{"line":10,"column":15},"end":{"line":10,"column":34}},"9":{"start":{"line":11,"column":4},"end":{"line":11,"column":69}},"10":{"start":{"line":12,"column":4},"end":{"line":14,"column":7}},"11":{"start":{"line":13,"column":6},"end":{"line":13,"column":47}},"12":{"start":{"line":15,"column":4},"end":{"line":25,"column":9}},"13":{"start":{"line":18,"column":8},"end":{"line":18,"column":35}},"14":{"start":{"line":19,"column":8},"end":{"line":19,"column":59}},"15":{"start":{"line":20,"column":8},"end":{"line":20,"column":40}},"16":{"start":{"line":21,"column":8},"end":{"line":21,"column":21}},"17":{"start":{"line":24,"column":8},"end":{"line":24,"column":20}},"18":{"start":{"line":29,"column":0},"end":{"line":29,"column":25}}},"fnMap":{"0":{"name":"(anonymous_0)","decl":{"start":{"line":8,"column":16},"end":{"line":8,"column":17}},"loc":{"start":{"line":8,"column":22},"end":{"line":27,"column":1}},"line":8},"1":{"name":"(anonymous_1)","decl":{"start":{"line":9,"column":21},"end":{"line":9,"column":22}},"loc":{"start":{"line":9,"column":42},"end":{"line":26,"column":3}},"line":9},"2":{"name":"(anonymous_2)","decl":{"start":{"line":12,"column":20},"end":{"line":12,"column":21}},"loc":{"start":{"line":12,"column":32},"end":{"line":14,"column":5}},"line":12},"3":{"name":"(anonymous_3)","decl":{"start":{"line":17,"column":12},"end":{"line":17,"column":13}},"loc":{"start":{"line":17,"column":18},"end":{"line":22,"column":7}},"line":17},"4":{"name":"(anonymous_4)","decl":{"start":{"line":23,"column":13},"end":{"line":23,"column":14}},"loc":{"start":{"line":23,"column":22},"end":{"line":25,"column":7}},"line":23}},"branchMap":{},"s":{"0":1,"1":1,"2":1,"3":1,"4":1,"5":1,"6":1,"7":1,"8":1,"9":1,"10":1,"11":1,"12":1,"13":1,"14":1,"15":1,"16":1,"17":0,"18":1},"f":{"0":1,"1":1,"2":1,"3":1,"4":0},"b":{},"_coverageSchema":"1a1c01bbd47fc00a2c39e90264f33305004495a9","hash":"0edabf1e6e638631533498df7f7f60225701d009"}
,"/Users/menachi/Documents/web_class/2025/app_a/controllers/posts_controller.js": {"path":"/Users/menachi/Documents/web_class/2025/app_a/controllers/posts_controller.js","statementMap":{"0":{"start":{"line":1,"column":14},"end":{"line":1,"column":46}},"1":{"start":{"line":2,"column":21},"end":{"line":2,"column":40}},"2":{"start":{"line":3,"column":20},"end":{"line":17,"column":1}},"3":{"start":{"line":4,"column":17},"end":{"line":4,"column":26}},"4":{"start":{"line":5,"column":2},"end":{"line":5,"column":22}},"5":{"start":{"line":6,"column":2},"end":{"line":16,"column":3}},"6":{"start":{"line":7,"column":4},"end":{"line":13,"column":5}},"7":{"start":{"line":8,"column":20},"end":{"line":8,"column":61}},"8":{"start":{"line":9,"column":6},"end":{"line":9,"column":29}},"9":{"start":{"line":11,"column":20},"end":{"line":11,"column":38}},"10":{"start":{"line":12,"column":6},"end":{"line":12,"column":29}},"11":{"start":{"line":15,"column":4},"end":{"line":15,"column":45}},"12":{"start":{"line":19,"column":20},"end":{"line":34,"column":1}},"13":{"start":{"line":20,"column":13},"end":{"line":20,"column":26}},"14":{"start":{"line":21,"column":2},"end":{"line":32,"column":3}},"15":{"start":{"line":22,"column":4},"end":{"line":31,"column":5}},"16":{"start":{"line":23,"column":19},"end":{"line":23,"column":43}},"17":{"start":{"line":24,"column":6},"end":{"line":28,"column":7}},"18":{"start":{"line":25,"column":8},"end":{"line":25,"column":30}},"19":{"start":{"line":27,"column":8},"end":{"line":27,"column":54}},"20":{"start":{"line":30,"column":6},"end":{"line":30,"column":47}},"21":{"start":{"line":33,"column":2},"end":{"line":33,"column":43}},"22":{"start":{"line":36,"column":19},"end":{"line":44,"column":1}},"23":{"start":{"line":37,"column":2},"end":{"line":37,"column":24}},"24":{"start":{"line":38,"column":2},"end":{"line":43,"column":3}},"25":{"start":{"line":39,"column":17},"end":{"line":39,"column":45}},"26":{"start":{"line":40,"column":4},"end":{"line":40,"column":31}},"27":{"start":{"line":42,"column":4},"end":{"line":42,"column":38}},"28":{"start":{"line":46,"column":19},"end":{"line":54,"column":1}},"29":{"start":{"line":47,"column":13},"end":{"line":47,"column":26}},"30":{"start":{"line":48,"column":2},"end":{"line":53,"column":3}},"31":{"start":{"line":49,"column":4},"end":{"line":49,"column":38}},"32":{"start":{"line":50,"column":4},"end":{"line":50,"column":36}},"33":{"start":{"line":52,"column":4},"end":{"line":52,"column":45}},"34":{"start":{"line":56,"column":0},"end":{"line":61,"column":2}}},"fnMap":{"0":{"name":"(anonymous_0)","decl":{"start":{"line":3,"column":20},"end":{"line":3,"column":21}},"loc":{"start":{"line":3,"column":40},"end":{"line":17,"column":1}},"line":3},"1":{"name":"(anonymous_1)","decl":{"start":{"line":19,"column":20},"end":{"line":19,"column":21}},"loc":{"start":{"line":19,"column":40},"end":{"line":34,"column":1}},"line":19},"2":{"name":"(anonymous_2)","decl":{"start":{"line":36,"column":19},"end":{"line":36,"column":20}},"loc":{"start":{"line":36,"column":39},"end":{"line":44,"column":1}},"line":36},"3":{"name":"(anonymous_3)","decl":{"start":{"line":46,"column":19},"end":{"line":46,"column":20}},"loc":{"start":{"line":46,"column":39},"end":{"line":54,"column":1}},"line":46}},"branchMap":{"0":{"loc":{"start":{"line":7,"column":4},"end":{"line":13,"column":5}},"type":"if","locations":[{"start":{"line":7,"column":4},"end":{"line":13,"column":5}},{"start":{"line":10,"column":11},"end":{"line":13,"column":5}}],"line":7},"1":{"loc":{"start":{"line":21,"column":2},"end":{"line":32,"column":3}},"type":"if","locations":[{"start":{"line":21,"column":2},"end":{"line":32,"column":3}},{"start":{},"end":{}}],"line":21},"2":{"loc":{"start":{"line":24,"column":6},"end":{"line":28,"column":7}},"type":"if","locations":[{"start":{"line":24,"column":6},"end":{"line":28,"column":7}},{"start":{"line":26,"column":13},"end":{"line":28,"column":7}}],"line":24}},"s":{"0":1,"1":1,"2":1,"3":2,"4":2,"5":2,"6":2,"7":1,"8":1,"9":1,"10":1,"11":0,"12":1,"13":4,"14":4,"15":4,"16":4,"17":3,"18":1,"19":2,"20":1,"21":0,"22":1,"23":3,"24":3,"25":3,"26":2,"27":1,"28":1,"29":1,"30":1,"31":1,"32":1,"33":0,"34":1},"f":{"0":2,"1":4,"2":3,"3":1},"b":{"0":[1,1],"1":[4,0],"2":[1,2]},"_coverageSchema":"1a1c01bbd47fc00a2c39e90264f33305004495a9","hash":"aa2e6c3ff2e828eaba60215ee247a3ae3c9643ee"}
,"/Users/menachi/Documents/web_class/2025/app_a/models/posts_model.js": {"path":"/Users/menachi/Documents/web_class/2025/app_a/models/posts_model.js","statementMap":{"0":{"start":{"line":1,"column":17},"end":{"line":1,"column":36}},"1":{"start":{"line":2,"column":15},"end":{"line":2,"column":30}},"2":{"start":{"line":3,"column":20},"end":{"line":13,"column":2}},"3":{"start":{"line":14,"column":14},"end":{"line":14,"column":50}},"4":{"start":{"line":15,"column":0},"end":{"line":15,"column":23}}},"fnMap":{},"branchMap":{},"s":{"0":1,"1":1,"2":1,"3":1,"4":1},"f":{},"b":{},"_coverageSchema":"1a1c01bbd47fc00a2c39e90264f33305004495a9","hash":"56e33d630aa5e23991be608ee76faf1ef366e100"}
,"/Users/menachi/Documents/web_class/2025/app_a/routes/posts_routes.js": {"path":"/Users/menachi/Documents/web_class/2025/app_a/routes/posts_routes.js","statementMap":{"0":{"start":{"line":1,"column":16},"end":{"line":1,"column":34}},"1":{"start":{"line":2,"column":15},"end":{"line":2,"column":31}},"2":{"start":{"line":4,"column":24},"end":{"line":4,"column":66}},"3":{"start":{"line":6,"column":0},"end":{"line":6,"column":45}},"4":{"start":{"line":8,"column":0},"end":{"line":8,"column":48}},"5":{"start":{"line":10,"column":0},"end":{"line":10,"column":45}},"6":{"start":{"line":12,"column":0},"end":{"line":12,"column":50}},"7":{"start":{"line":14,"column":0},"end":{"line":14,"column":24}}},"fnMap":{},"branchMap":{},"s":{"0":1,"1":1,"2":1,"3":1,"4":1,"5":1,"6":1,"7":1},"f":{},"b":{},"_coverageSchema":"1a1c01bbd47fc00a2c39e90264f33305004495a9","hash":"7136c26d6158365f0da6c182adfa812ff087ce5c"}
}
