TN:
SF:server.js
FN:8,(anonymous_0)
FN:9,(anonymous_1)
FN:12,(anonymous_2)
FN:17,(anonymous_3)
FN:23,(anonymous_4)
FNF:5
FNH:4
FNDA:1,(anonymous_0)
FNDA:1,(anonymous_1)
FNDA:1,(anonymous_2)
FNDA:1,(anonymous_3)
FNDA:0,(anonymous_4)
DA:1,1
DA:2,1
DA:3,1
DA:4,1
DA:5,1
DA:6,1
DA:8,1
DA:9,1
DA:10,1
DA:11,1
DA:12,1
DA:13,1
DA:15,1
DA:18,1
DA:19,1
DA:20,1
DA:21,1
DA:24,0
DA:29,1
LF:19
LH:18
BRF:0
BRH:0
end_of_record
TN:
SF:controllers/posts_controller.js
FN:3,(anonymous_0)
FN:19,(anonymous_1)
FN:36,(anonymous_2)
FN:46,(anonymous_3)
FNF:4
FNH:4
FNDA:2,(anonymous_0)
FNDA:4,(anonymous_1)
FNDA:3,(anonymous_2)
FNDA:1,(anonymous_3)
DA:1,1
DA:2,1
DA:3,1
DA:4,2
DA:5,2
DA:6,2
DA:7,2
DA:8,1
DA:9,1
DA:11,1
DA:12,1
DA:15,0
DA:19,1
DA:20,4
DA:21,4
DA:22,4
DA:23,4
DA:24,3
DA:25,1
DA:27,2
DA:30,1
DA:33,0
DA:36,1
DA:37,3
DA:38,3
DA:39,3
DA:40,2
DA:42,1
DA:46,1
DA:47,1
DA:48,1
DA:49,1
DA:50,1
DA:52,0
DA:56,1
LF:35
LH:32
BRDA:7,0,0,1
BRDA:7,0,1,1
BRDA:21,1,0,4
BRDA:21,1,1,0
BRDA:24,2,0,1
BRDA:24,2,1,2
BRF:6
BRH:5
end_of_record
TN:
SF:models/posts_model.js
FNF:0
FNH:0
DA:1,1
DA:2,1
DA:3,1
DA:14,1
DA:15,1
LF:5
LH:5
BRF:0
BRH:0
end_of_record
TN:
SF:routes/posts_routes.js
FNF:0
FNH:0
DA:1,1
DA:2,1
DA:4,1
DA:6,1
DA:8,1
DA:10,1
DA:12,1
DA:14,1
LF:8
LH:8
BRF:0
BRH:0
end_of_record
